<?xml version="1.0" encoding="UTF-8"?>
<testng-results ignored="0" total="5" passed="5" failed="0" skipped="0">
  <reporter-output>
  </reporter-output>
  <suite started-at="2023-11-04T22:03:00 PET" name="Default suite" finished-at="2023-11-04T22:03:14 PET" duration-ms="13962">
    <groups>
    </groups>
    <test started-at="2023-11-04T22:03:00 PET" name="Default test" finished-at="2023-11-04T22:03:14 PET" duration-ms="13962">
      <class name="eCommerce.Guru99.AppTest">
        <test-method is-config="true" signature="setUp()[pri:0, instance:eCommerce.Guru99.AppTest@3c19aaa5]" started-at="2023-11-04T22:03:00 PET" name="setUp" finished-at="2023-11-04T22:03:10 PET" duration-ms="9755" status="PASS">
          <reporter-output>
          </reporter-output>
        </test-method> <!-- setUp -->
        <test-method signature="verifyTitleHome()[pri:0, instance:eCommerce.Guru99.AppTest@3c19aaa5]" started-at="2023-11-04T22:03:10 PET" name="verifyTitleHome" finished-at="2023-11-04T22:03:10 PET" duration-ms="46" status="PASS">
          <reporter-output>
          </reporter-output>
        </test-method> <!-- verifyTitleHome -->
        <test-method signature="navegateMobilePage()[pri:1, instance:eCommerce.Guru99.AppTest@3c19aaa5]" started-at="2023-11-04T22:03:10 PET" name="navegateMobilePage" finished-at="2023-11-04T22:03:12 PET" duration-ms="2165" status="PASS">
          <reporter-output>
          </reporter-output>
        </test-method> <!-- navegateMobilePage -->
        <test-method signature="verifyTitleMobile()[pri:2, instance:eCommerce.Guru99.AppTest@3c19aaa5]" started-at="2023-11-04T22:03:12 PET" name="verifyTitleMobile" finished-at="2023-11-04T22:03:12 PET" duration-ms="25" status="PASS">
          <reporter-output>
          </reporter-output>
        </test-method> <!-- verifyTitleMobile -->
        <test-method signature="selectProductByName()[pri:3, instance:eCommerce.Guru99.AppTest@3c19aaa5]" started-at="2023-11-04T22:03:12 PET" name="selectProductByName" finished-at="2023-11-04T22:03:13 PET" duration-ms="1033" status="PASS">
          <reporter-output>
          </reporter-output>
        </test-method> <!-- selectProductByName -->
        <test-method signature="sortForProductName()[pri:4, instance:eCommerce.Guru99.AppTest@3c19aaa5]" started-at="2023-11-04T22:03:13 PET" name="sortForProductName" finished-at="2023-11-04T22:03:14 PET" duration-ms="79" status="PASS">
          <reporter-output>
          </reporter-output>
        </test-method> <!-- sortForProductName -->
        <test-method is-config="true" signature="close()[pri:0, instance:eCommerce.Guru99.AppTest@3c19aaa5]" started-at="2023-11-04T22:03:14 PET" name="close" finished-at="2023-11-04T22:03:14 PET" duration-ms="810" status="PASS">
          <reporter-output>
          </reporter-output>
        </test-method> <!-- close -->
      </class> <!-- eCommerce.Guru99.AppTest -->
    </test> <!-- Default test -->
  </suite> <!-- Default suite -->
</testng-results>
